<?xml version="1.0" encoding="UTF-8"?>
<testng-results ignored="1" total="2" passed="1" failed="0" skipped="0">
  <reporter-output>
  </reporter-output>
  <suite started-at="2022-03-10T15:34:22 ICT" name="Suite" finished-at="2022-03-10T15:35:12 ICT" duration-ms="50206">
    <groups>
    </groups>
    <test started-at="2022-03-10T15:34:22 ICT" name="Project_TestNG" finished-at="2022-03-10T15:35:12 ICT" duration-ms="50206">
      <class name="Project_TestNG.AutomationTestNG">
        <test-method is-config="true" signature="beforeTest()[pri:0, instance:Project_TestNG.AutomationTestNG@5ccddd20]" started-at="2022-03-10T15:34:22 ICT" name="beforeTest" finished-at="2022-03-10T15:34:25 ICT" duration-ms="2992" status="PASS">
          <reporter-output>
          </reporter-output>
        </test-method> <!-- beforeTest -->
        <test-method signature="TC2()[pri:0, instance:Project_TestNG.AutomationTestNG@5ccddd20]" started-at="2022-03-10T15:34:25 ICT" name="TC2" finished-at="2022-03-10T15:35:10 ICT" duration-ms="44656" status="PASS">
          <reporter-output>
          </reporter-output>
        </test-method> <!-- TC2 -->
        <test-method is-config="true" signature="afterTest()[pri:0, instance:Project_TestNG.AutomationTestNG@5ccddd20]" started-at="2022-03-10T15:35:10 ICT" name="afterTest" finished-at="2022-03-10T15:35:12 ICT" duration-ms="2534" status="PASS">
          <reporter-output>
          </reporter-output>
        </test-method> <!-- afterTest -->
      </class> <!-- Project_TestNG.AutomationTestNG -->
    </test> <!-- Project_TestNG -->
  </suite> <!-- Suite -->
</testng-results>
